SF:lib/models/note_model.dart
DA:37,1
DA:51,1
DA:61,1
DA:62,1
DA:77,1
DA:89,1
DA:90,1
DA:91,0
DA:92,1
DA:93,1
DA:94,1
DA:95,1
DA:96,1
DA:97,1
DA:98,1
DA:99,1
DA:104,1
DA:105,1
DA:106,1
DA:107,1
DA:108,1
DA:109,1
DA:110,1
DA:111,1
DA:112,2
DA:113,2
DA:114,1
DA:115,1
DA:120,1
DA:121,1
DA:122,1
DA:123,1
DA:124,1
DA:125,1
DA:126,1
DA:127,1
DA:128,2
DA:129,2
DA:130,3
DA:131,1
DA:144,6
DA:146,3
DA:148,3
DA:150,3
DA:152,3
DA:154,3
DA:156,3
DA:163,3
DA:165,3
DA:167,3
DA:169,3
DA:171,3
DA:173,3
LF:53
LH:52
end_of_record
SF:lib/models/note_model.g.dart
DA:13,0
DA:15,0
DA:16,0
DA:17,0
DA:19,0
DA:20,0
DA:21,0
DA:22,0
DA:23,0
DA:24,0
DA:25,0
DA:26,0
DA:27,0
DA:28,0
DA:29,0
DA:33,0
DA:36,0
DA:37,0
DA:38,0
DA:39,0
DA:40,0
DA:41,0
DA:42,0
DA:43,0
DA:44,0
DA:45,0
DA:46,0
DA:47,0
DA:48,0
DA:49,0
DA:50,0
DA:51,0
DA:52,0
DA:53,0
DA:54,0
DA:55,0
DA:56,0
DA:59,0
DA:60,0
DA:62,0
DA:65,0
DA:66,0
DA:67,0
LF:43
LH:0
end_of_record
SF:lib/main.dart
DA:9,0
DA:11,0
DA:14,0
DA:17,0
DA:20,0
DA:23,0
DA:33,0
DA:38,0
DA:42,2
DA:44,1
DA:46,1
DA:49,1
LF:12
LH:4
end_of_record
SF:lib/services/note_repository.dart
DA:13,6
DA:14,4
DA:15,2
DA:21,2
DA:29,2
DA:33,2
DA:35,4
DA:36,0
DA:38,4
DA:50,0
DA:51,0
DA:54,0
DA:59,0
DA:62,0
DA:63,0
DA:64,0
DA:68,0
DA:70,0
DA:74,0
DA:75,0
DA:76,0
DA:80,0
DA:81,0
DA:82,0
DA:83,0
DA:84,0
DA:88,0
DA:89,0
DA:91,0
DA:92,0
DA:93,0
DA:96,0
DA:99,0
DA:102,0
DA:103,0
DA:107,0
DA:108,0
DA:112,0
DA:122,0
DA:124,0
DA:128,0
DA:129,0
DA:132,0
DA:144,0
DA:146,0
DA:149,0
DA:154,0
DA:165,0
DA:167,0
DA:169,0
DA:174,0
DA:175,0
DA:176,0
DA:181,0
DA:187,0
DA:193,0
DA:195,0
DA:197,0
DA:202,0
DA:203,0
DA:206,0
DA:208,0
DA:210,0
DA:215,0
DA:216,0
DA:219,0
DA:221,0
DA:223,0
DA:228,0
DA:229,0
DA:232,0
DA:234,0
DA:236,0
DA:241,0
DA:242,0
DA:243,0
DA:245,0
DA:249,0
DA:250,0
DA:251,0
DA:255,0
DA:257,0
DA:258,0
DA:259,0
DA:262,0
DA:266,0
DA:267,0
DA:268,0
DA:269,0
DA:275,0
DA:276,0
DA:280,0
DA:281,0
DA:285,0
DA:286,0
DA:289,0
DA:290,0
DA:291,0
DA:294,0
DA:296,0
DA:302,2
DA:303,2
DA:304,0
DA:310,0
DA:311,0
DA:312,0
DA:318,0
DA:320,0
DA:321,0
DA:326,0
DA:328,0
DA:329,0
LF:112
LH:10
end_of_record
SF:lib/screens/home_screen.dart
DA:18,2
DA:20,2
DA:21,2
DA:35,2
DA:37,2
DA:38,4
DA:39,2
DA:40,2
DA:43,2
DA:45,2
DA:46,0
DA:47,0
DA:51,0
DA:55,0
DA:57,0
DA:60,0
DA:61,0
DA:62,0
DA:64,0
DA:68,2
DA:70,4
DA:72,0
DA:73,0
DA:74,0
DA:75,0
DA:76,0
DA:81,0
DA:82,0
DA:83,0
DA:84,0
DA:88,0
DA:89,0
DA:90,0
DA:92,0
DA:93,0
DA:96,0
DA:97,0
DA:98,0
DA:99,0
DA:104,0
DA:105,0
DA:106,0
DA:107,0
DA:108,0
DA:110,0
DA:115,0
DA:116,0
DA:120,0
DA:121,0
DA:122,0
DA:123,0
DA:124,0
DA:128,0
DA:129,0
DA:133,0
DA:134,0
DA:137,0
DA:138,0
DA:139,0
DA:142,0
DA:143,0
DA:144,0
DA:146,0
DA:147,0
DA:148,0
DA:149,0
DA:152,0
DA:154,0
DA:161,0
DA:164,0
DA:166,0
DA:167,0
DA:168,0
DA:170,0
DA:171,0
DA:172,0
DA:173,0
DA:179,0
DA:181,0
DA:182,0
DA:183,0
DA:185,0
DA:187,0
DA:189,0
DA:190,0
DA:194,0
DA:200,0
DA:202,0
DA:204,0
DA:206,0
DA:207,0
DA:211,0
DA:215,0
DA:216,0
DA:217,0
DA:218,0
DA:219,0
DA:220,0
DA:221,0
DA:222,0
DA:225,0
DA:231,2
DA:233,2
DA:234,2
DA:235,2
DA:243,2
DA:244,2
DA:245,2
DA:246,2
DA:247,2
DA:248,2
DA:249,2
DA:250,2
DA:251,2
DA:252,0
DA:253,0
DA:254,0
DA:260,2
DA:261,0
DA:264,8
DA:268,2
DA:269,2
DA:271,2
DA:272,2
DA:273,2
DA:274,2
DA:275,2
DA:276,0
DA:277,0
DA:280,2
DA:281,2
DA:284,6
DA:288,2
DA:289,2
DA:291,2
DA:292,2
DA:295,10
DA:296,2
DA:297,12
DA:299,6
DA:303,2
DA:304,0
DA:305,0
DA:306,0
DA:307,0
DA:308,0
DA:309,0
DA:310,0
DA:314,4
DA:315,2
DA:316,2
DA:319,6
DA:325,0
DA:326,0
DA:328,0
DA:330,0
DA:331,0
DA:339,0
DA:340,0
DA:341,0
DA:345,0
DA:348,2
DA:349,2
DA:351,2
DA:354,2
DA:355,2
DA:356,8
DA:357,2
DA:362,6
DA:365,2
DA:366,4
DA:367,2
DA:369,2
DA:370,2
DA:372,2
DA:373,6
DA:374,2
DA:378,0
DA:379,0
DA:380,0
DA:381,0
DA:384,2
DA:385,2
DA:386,2
DA:390,2
DA:393,2
DA:399,0
DA:401,0
DA:402,0
DA:403,0
DA:405,0
DA:407,0
DA:409,0
DA:410,0
DA:411,0
DA:412,0
DA:413,0
DA:414,0
DA:415,0
DA:422,0
DA:423,0
DA:424,0
DA:425,0
DA:426,0
DA:427,0
DA:428,0
DA:431,0
DA:433,0
DA:435,0
DA:436,0
DA:441,0
DA:442,0
DA:443,0
DA:444,0
DA:445,0
DA:446,0
DA:447,0
DA:449,0
DA:451,0
DA:452,0
DA:453,0
DA:454,0
DA:459,0
DA:460,0
DA:461,0
DA:463,0
DA:465,0
DA:466,0
DA:467,0
DA:471,0
DA:472,0
DA:473,0
DA:482,0
DA:483,0
DA:491,0
DA:492,0
DA:498,0
DA:499,0
DA:500,0
DA:506,0
DA:507,0
DA:514,0
DA:516,0
DA:522,0
DA:523,0
DA:524,0
DA:525,0
DA:528,0
DA:531,0
DA:532,0
DA:540,0
DA:541,0
DA:542,0
DA:543,0
DA:545,0
DA:550,0
DA:553,0
DA:555,0
DA:557,0
DA:558,0
DA:559,0
DA:560,0
DA:561,0
DA:564,0
DA:565,0
DA:567,0
DA:568,0
DA:569,0
DA:575,0
DA:578,0
DA:579,0
DA:584,0
DA:587,0
DA:589,0
DA:592,0
DA:601,0
DA:602,0
DA:603,0
DA:617,0
DA:621,0
DA:622,0
DA:623,0
DA:624,0
DA:627,0
DA:628,0
DA:630,0
DA:631,0
DA:632,0
DA:644,0
DA:655,2
DA:656,2
DA:657,2
DA:659,2
DA:662,6
DA:664,2
DA:666,2
DA:667,2
DA:669,6
DA:675,0
DA:676,0
DA:677,0
DA:679,0
DA:680,0
DA:683,0
DA:685,0
DA:686,0
DA:687,0
DA:689,0
DA:691,0
DA:692,0
DA:694,0
DA:696,0
DA:698,0
DA:699,0
DA:702,0
DA:708,0
DA:709,0
DA:710,0
DA:712,0
DA:713,0
DA:714,0
DA:717,0
DA:719,0
DA:720,0
DA:721,0
DA:723,0
DA:727,2
DA:728,2
DA:730,2
DA:738,2
DA:739,2
DA:740,2
DA:742,2
DA:744,2
DA:745,2
DA:748,2
DA:750,2
DA:755,2
DA:757,2
DA:771,2
DA:772,2
DA:774,2
DA:775,2
DA:778,0
DA:780,2
DA:783,0
DA:785,2
DA:788,2
DA:789,4
DA:790,2
DA:800,2
DA:802,2
DA:803,2
DA:809,2
DA:811,2
DA:812,2
DA:814,2
DA:819,2
DA:836,2
DA:842,2
DA:843,2
DA:847,2
DA:849,2
DA:859,0
DA:861,0
DA:862,0
DA:863,0
DA:868,0
DA:869,0
DA:878,0
DA:879,0
DA:880,0
DA:881,0
DA:889,2
DA:891,4
DA:892,4
DA:894,4
DA:895,2
LF:378
LH:120
end_of_record
SF:lib/utils/app_theme.dart
DA:73,1
DA:74,1
DA:92,1
DA:93,1
DA:95,1
DA:96,1
DA:104,1
DA:108,1
DA:109,1
DA:112,1
DA:114,1
DA:115,1
DA:116,1
DA:119,1
DA:120,1
DA:129,0
DA:130,0
LF:17
LH:15
end_of_record
SF:lib/widgets/glass_card.dart
DA:17,0
DA:32,0
DA:34,0
DA:35,0
DA:36,0
DA:37,0
DA:38,0
DA:39,0
DA:40,0
DA:41,0
DA:42,0
DA:43,0
DA:44,0
DA:45,0
DA:48,0
DA:50,0
DA:53,0
DA:54,0
DA:55,0
DA:58,0
DA:59,0
DA:60,0
DA:61,0
DA:64,0
DA:66,0
DA:67,0
DA:68,0
DA:69,0
DA:70,0
DA:71,0
DA:93,0
DA:106,0
DA:108,0
DA:110,0
DA:111,0
DA:112,0
DA:113,0
DA:114,0
DA:116,0
DA:117,0
DA:118,0
DA:119,0
DA:120,0
DA:125,0
DA:126,0
DA:132,0
DA:133,0
DA:134,0
DA:139,0
DA:140,0
DA:147,0
DA:149,0
DA:150,0
DA:151,0
DA:152,0
DA:153,0
DA:154,0
DA:172,0
DA:184,0
DA:185,0
DA:192,0
DA:194,0
DA:195,0
DA:196,0
DA:197,0
DA:198,0
DA:200,0
DA:201,0
DA:202,0
DA:204,0
DA:205,0
DA:206,0
DA:207,0
DA:208,0
DA:209,0
DA:210,0
DA:211,0
LF:77
LH:0
end_of_record
SF:lib/widgets/kyntesso_logo.dart
DA:7,2
DA:13,0
DA:15,0
DA:17,0
DA:19,0
DA:20,0
DA:21,0
DA:22,0
DA:31,0
DA:32,0
DA:33,0
DA:34,0
DA:35,0
DA:36,0
DA:40,0
DA:41,0
DA:43,0
DA:44,0
DA:52,0
DA:53,0
DA:54,0
DA:56,0
DA:57,0
LF:23
LH:1
end_of_record
SF:lib/screens/note_editor_screen.dart
DA:13,0
DA:15,0
DA:16,0
DA:53,0
DA:55,0
DA:57,0
DA:58,0
DA:59,0
DA:60,0
DA:63,0
DA:64,0
DA:68,0
DA:69,0
DA:73,0
DA:74,0
DA:75,0
DA:76,0
DA:78,0
DA:79,0
DA:82,0
DA:83,0
DA:84,0
DA:87,0
DA:88,0
DA:89,0
DA:90,0
DA:93,0
DA:94,0
DA:99,0
DA:100,0
DA:101,0
DA:102,0
DA:103,0
DA:105,0
DA:106,0
DA:107,0
DA:108,0
DA:111,0
DA:112,0
DA:115,0
DA:116,0
DA:119,0
DA:120,0
DA:121,0
DA:122,0
DA:126,0
DA:127,0
DA:128,0
DA:129,0
DA:131,0
DA:132,0
DA:135,0
DA:136,0
DA:137,0
DA:138,0
DA:141,0
DA:142,0
DA:143,0
DA:144,0
DA:148,0
DA:149,0
DA:151,0
DA:154,0
DA:155,0
DA:157,0
DA:158,0
DA:159,0
DA:161,0
DA:163,0
DA:165,0
DA:183,0
DA:188,0
DA:192,0
DA:193,0
DA:194,0
DA:198,0
DA:204,0
DA:205,0
DA:206,0
DA:210,0
DA:211,0
DA:215,0
DA:216,0
DA:217,0
DA:218,0
DA:219,0
DA:220,0
DA:222,0
DA:223,0
DA:230,0
DA:232,0
DA:233,0
DA:234,0
DA:238,0
DA:239,0
DA:249,0
DA:255,0
DA:256,0
DA:258,0
DA:259,0
DA:261,0
DA:262,0
DA:267,0
DA:268,0
DA:269,0
DA:270,0
DA:272,0
DA:274,0
DA:276,0
DA:277,0
DA:281,0
DA:282,0
DA:287,0
DA:288,0
DA:289,0
DA:290,0
DA:293,0
DA:298,0
DA:299,0
DA:300,0
DA:301,0
DA:304,0
DA:309,0
DA:310,0
DA:313,0
DA:314,0
DA:320,0
DA:324,0
DA:328,0
DA:331,0
DA:333,0
DA:334,0
DA:335,0
DA:337,0
DA:338,0
DA:341,0
DA:343,0
DA:344,0
DA:345,0
DA:347,0
DA:348,0
DA:353,0
DA:354,0
DA:355,0
DA:356,0
DA:358,0
DA:359,0
DA:364,0
DA:365,0
DA:366,0
DA:369,0
DA:370,0
DA:373,0
DA:374,0
DA:379,0
DA:380,0
DA:381,0
DA:382,0
DA:383,0
DA:384,0
DA:385,0
DA:386,0
DA:387,0
DA:388,0
DA:392,0
DA:393,0
DA:394,0
DA:396,0
DA:397,0
DA:400,0
DA:401,0
DA:402,0
DA:403,0
DA:405,0
DA:406,0
DA:408,0
DA:409,0
DA:413,0
DA:414,0
DA:415,0
DA:416,0
DA:420,0
DA:423,0
DA:424,0
DA:425,0
DA:426,0
DA:427,0
DA:428,0
DA:429,0
DA:430,0
DA:434,0
DA:435,0
DA:436,0
DA:438,0
DA:440,0
DA:441,0
DA:442,0
DA:444,0
DA:448,0
DA:449,0
DA:450,0
DA:453,0
DA:454,0
DA:455,0
DA:456,0
DA:460,0
DA:461,0
DA:462,0
DA:463,0
DA:467,0
DA:471,0
DA:473,0
DA:474,0
DA:482,0
DA:483,0
DA:484,0
DA:485,0
DA:486,0
DA:487,0
DA:489,0
DA:490,0
DA:491,0
DA:493,0
DA:494,0
DA:496,0
DA:498,0
DA:500,0
DA:501,0
DA:503,0
DA:505,0
DA:506,0
DA:519,0
DA:520,0
DA:522,0
DA:523,0
DA:524,0
DA:525,0
DA:527,0
DA:528,0
DA:531,0
DA:533,0
DA:534,0
DA:535,0
DA:537,0
DA:544,0
DA:545,0
DA:546,0
DA:548,0
DA:549,0
DA:551,0
DA:557,0
DA:560,0
DA:561,0
DA:562,0
DA:564,0
DA:565,0
DA:566,0
DA:571,0
DA:573,0
DA:574,0
DA:575,0
DA:576,0
DA:577,0
DA:581,0
DA:583,0
DA:584,0
DA:585,0
DA:589,0
DA:590,0
DA:591,0
DA:601,0
DA:605,0
DA:608,0
DA:609,0
DA:610,0
DA:611,0
DA:613,0
DA:616,0
DA:617,0
DA:622,0
DA:623,0
DA:629,0
DA:632,0
DA:634,0
DA:635,0
DA:636,0
DA:637,0
DA:655,0
DA:656,0
DA:659,0
DA:666,0
DA:667,0
DA:673,0
DA:677,0
DA:678,0
DA:682,0
DA:683,0
DA:687,0
DA:688,0
DA:689,0
DA:692,0
DA:695,0
DA:696,0
DA:702,0
DA:703,0
DA:709,0
DA:712,0
DA:713,0
DA:714,0
DA:716,0
DA:717,0
DA:718,0
DA:728,0
DA:729,0
DA:735,0
DA:740,0
DA:745,0
DA:747,0
DA:748,0
DA:749,0
DA:750,0
DA:751,0
DA:755,0
DA:757,0
DA:758,0
DA:760,0
DA:764,0
DA:765,0
DA:767,0
DA:768,0
DA:776,0
DA:781,0
DA:782,0
DA:783,0
DA:785,0
DA:786,0
DA:791,0
DA:792,0
DA:796,0
DA:797,0
DA:798,0
DA:799,0
DA:806,0
DA:811,0
DA:816,0
DA:821,0
DA:822,0
DA:823,0
DA:825,0
DA:826,0
DA:828,0
DA:843,0
DA:844,0
DA:851,0
DA:852,0
DA:853,0
DA:854,0
DA:863,0
DA:864,0
DA:865,0
DA:866,0
DA:867,0
DA:870,0
DA:873,0
DA:874,0
DA:876,0
DA:878,0
DA:879,0
DA:880,0
DA:881,0
DA:882,0
DA:885,0
DA:886,0
DA:887,0
DA:888,0
DA:889,0
DA:890,0
DA:891,0
DA:894,0
DA:896,0
DA:897,0
DA:898,0
DA:901,0
DA:903,0
DA:904,0
DA:906,0
DA:908,0
DA:909,0
DA:910,0
DA:911,0
DA:916,0
DA:917,0
DA:924,0
DA:925,0
DA:927,0
DA:929,0
DA:931,0
DA:932,0
DA:933,0
DA:936,0
DA:938,0
DA:939,0
DA:941,0
DA:942,0
DA:954,0
DA:955,0
DA:956,0
DA:958,0
DA:959,0
DA:960,0
DA:973,0
DA:974,0
DA:975,0
DA:980,0
DA:986,0
DA:987,0
DA:1002,0
DA:1003,0
DA:1004,0
DA:1011,0
DA:1012,0
DA:1013,0
DA:1015,0
DA:1016,0
DA:1027,0
DA:1028,0
DA:1029,0
DA:1036,0
DA:1037,0
DA:1038,0
DA:1040,0
DA:1041,0
DA:1051,0
DA:1054,0
DA:1055,0
DA:1056,0
DA:1063,0
DA:1064,0
DA:1065,0
DA:1069,0
DA:1071,0
DA:1072,0
DA:1074,0
DA:1077,0
DA:1078,0
DA:1079,0
DA:1080,0
DA:1081,0
DA:1095,0
DA:1097,0
DA:1099,0
DA:1105,0
DA:1106,0
DA:1107,0
DA:1108,0
DA:1109,0
DA:1111,0
DA:1113,0
DA:1114,0
DA:1116,0
DA:1131,0
DA:1132,0
DA:1134,0
DA:1135,0
DA:1140,0
DA:1141,0
DA:1142,0
DA:1151,0
DA:1152,0
DA:1156,0
DA:1157,0
DA:1158,0
DA:1160,0
DA:1161,0
DA:1171,0
DA:1172,0
DA:1174,0
DA:1175,0
DA:1176,0
DA:1177,0
DA:1179,0
DA:1180,0
DA:1182,0
DA:1183,0
DA:1192,0
DA:1195,0
DA:1196,0
DA:1198,0
DA:1200,0
DA:1201,0
DA:1202,0
DA:1203,0
DA:1204,0
DA:1208,0
DA:1209,0
DA:1210,0
DA:1212,0
DA:1213,0
DA:1214,0
DA:1223,0
DA:1224,0
DA:1225,0
DA:1240,0
DA:1241,0
DA:1243,0
DA:1245,0
DA:1246,0
DA:1247,0
DA:1248,0
DA:1249,0
DA:1251,0
DA:1252,0
DA:1253,0
DA:1261,0
DA:1262,0
DA:1264,0
DA:1266,0
DA:1267,0
DA:1268,0
DA:1269,0
DA:1270,0
DA:1274,0
DA:1276,0
DA:1277,0
DA:1278,0
DA:1279,0
DA:1281,0
DA:1282,0
DA:1283,0
DA:1292,0
DA:1293,0
DA:1295,0
DA:1296,0
DA:1297,0
DA:1304,0
DA:1305,0
DA:1306,0
DA:1307,0
DA:1313,0
DA:1314,0
DA:1318,0
DA:1319,0
DA:1325,0
DA:1326,0
DA:1330,0
DA:1331,0
DA:1334,0
DA:1335,0
DA:1337,0
DA:1343,0
DA:1344,0
DA:1348,0
DA:1350,0
DA:1353,0
DA:1354,0
DA:1355,0
DA:1370,0
DA:1371,0
DA:1372,0
DA:1373,0
DA:1374,0
DA:1377,0
DA:1378,0
DA:1379,0
DA:1380,0
DA:1381,0
DA:1383,0
DA:1384,0
DA:1386,0
DA:1389,0
DA:1390,0
DA:1391,0
DA:1392,0
DA:1394,0
DA:1395,0
DA:1396,0
DA:1421,0
DA:1442,0
DA:1462,0
DA:1466,0
DA:1472,0
DA:1473,0
DA:1474,0
DA:1478,0
DA:1494,0
DA:1516,0
DA:1517,0
DA:1518,0
DA:1519,0
DA:1520,0
DA:1521,0
DA:1523,0
DA:1524,0
DA:1531,0
DA:1533,0
DA:1534,0
DA:1535,0
DA:1539,0
DA:1540,0
DA:1550,0
DA:1557,0
DA:1558,0
DA:1559,0
DA:1563,0
DA:1564,0
DA:1565,0
DA:1566,0
DA:1567,0
DA:1568,0
DA:1571,0
DA:1575,0
DA:1576,0
DA:1577,0
DA:1578,0
DA:1579,0
DA:1580,0
DA:1583,0
DA:1584,0
DA:1585,0
DA:1586,0
DA:1587,0
DA:1589,0
DA:1590,0
DA:1592,0
DA:1595,0
DA:1596,0
DA:1597,0
DA:1598,0
DA:1600,0
DA:1601,0
DA:1602,0
DA:1622,0
DA:1641,0
DA:1659,0
DA:1663,0
DA:1667,0
DA:1668,0
DA:1669,0
DA:1673,0
DA:1689,0
DA:1709,0
DA:1710,0
DA:1711,0
DA:1712,0
DA:1713,0
DA:1714,0
DA:1716,0
DA:1717,0
DA:1724,0
DA:1726,0
DA:1727,0
DA:1728,0
DA:1732,0
DA:1733,0
DA:1743,0
DA:1750,0
DA:1751,0
DA:1752,0
DA:1756,0
DA:1757,0
DA:1758,0
DA:1759,0
DA:1760,0
DA:1761,0
DA:1764,0
DA:1768,0
DA:1769,0
DA:1770,0
DA:1772,0
DA:1775,0
DA:1776,0
DA:1777,0
DA:1779,0
DA:1780,0
DA:1781,0
DA:1791,0
DA:1792,0
DA:1798,0
DA:1803,0
DA:1804,0
DA:1805,0
DA:1817,0
DA:1822,0
DA:1823,0
DA:1824,0
DA:1838,0
DA:1843,0
DA:1844,0
DA:1845,0
DA:1846,0
DA:1853,0
DA:1854,0
DA:1855,0
DA:1856,0
DA:1857,0
DA:1858,0
DA:1866,0
DA:1871,0
DA:1873,0
DA:1874,0
DA:1875,0
DA:1876,0
DA:1877,0
DA:1881,0
DA:1883,0
DA:1884,0
DA:1886,0
DA:1890,0
DA:1891,0
DA:1893,0
DA:1894,0
DA:1902,0
DA:1907,0
DA:1912,0
DA:1917,0
DA:1918,0
DA:1920,0
DA:1923,0
DA:1924,0
DA:1925,0
DA:1926,0
DA:1927,0
DA:1941,0
DA:1942,0
DA:1947,0
DA:1948,0
DA:1949,0
DA:1950,0
DA:1951,0
DA:1953,0
DA:1955,0
DA:1956,0
DA:1958,0
DA:1973,0
DA:1974,0
DA:1981,0
DA:1982,0
DA:1986,0
DA:1987,0
DA:1988,0
DA:1990,0
DA:1991,0
DA:2001,0
DA:2002,0
DA:2003,0
DA:2004,0
DA:2005,0
DA:2006,0
DA:2010,0
DA:2013,0
DA:2014,0
DA:2016,0
DA:2018,0
DA:2019,0
DA:2020,0
DA:2021,0
DA:2022,0
DA:2026,0
DA:2027,0
DA:2028,0
DA:2030,0
DA:2031,0
DA:2032,0
DA:2041,0
DA:2042,0
DA:2044,0
DA:2045,0
DA:2046,0
DA:2053,0
DA:2054,0
DA:2055,0
DA:2056,0
DA:2061,0
DA:2062,0
DA:2066,0
DA:2067,0
DA:2077,0
DA:2078,0
DA:2079,0
DA:2081,0
DA:2082,0
DA:2083,0
DA:2085,0
DA:2087,0
DA:2090,0
DA:2091,0
DA:2092,0
DA:2093,0
DA:2095,0
DA:2096,0
DA:2097,0
DA:2115,0
DA:2134,0
DA:2136,0
DA:2153,0
DA:2154,0
DA:2155,0
DA:2156,0
DA:2157,0
DA:2158,0
DA:2160,0
DA:2161,0
DA:2168,0
DA:2170,0
DA:2171,0
DA:2172,0
DA:2176,0
DA:2177,0
DA:2187,0
DA:2191,0
DA:2192,0
DA:2193,0
DA:2197,0
DA:2198,0
DA:2199,0
DA:2200,0
DA:2203,0
DA:2207,0
DA:2208,0
DA:2209,0
DA:2210,0
DA:2212,0
DA:2213,0
DA:2214,0
DA:2216,0
DA:2218,0
DA:2221,0
DA:2222,0
DA:2223,0
DA:2224,0
DA:2226,0
DA:2227,0
DA:2228,0
DA:2246,0
DA:2263,0
DA:2265,0
DA:2280,0
DA:2281,0
DA:2282,0
DA:2283,0
DA:2284,0
DA:2285,0
DA:2287,0
DA:2288,0
DA:2295,0
DA:2297,0
DA:2298,0
DA:2299,0
DA:2303,0
DA:2304,0
DA:2314,0
DA:2318,0
DA:2319,0
DA:2320,0
DA:2324,0
DA:2325,0
DA:2326,0
DA:2327,0
DA:2330,0
DA:2334,0
DA:2335,0
DA:2336,0
DA:2338,0
DA:2341,0
DA:2342,0
DA:2343,0
DA:2344,0
DA:2345,0
DA:2347,0
DA:2349,0
DA:2350,0
DA:2352,0
DA:2367,0
DA:2368,0
DA:2370,0
DA:2371,0
DA:2376,0
DA:2377,0
DA:2378,0
DA:2387,0
DA:2388,0
DA:2392,0
DA:2393,0
DA:2394,0
DA:2396,0
DA:2397,0
DA:2407,0
DA:2408,0
DA:2410,0
DA:2411,0
DA:2412,0
DA:2413,0
DA:2415,0
DA:2416,0
DA:2418,0
DA:2419,0
DA:2428,0
DA:2431,0
DA:2432,0
DA:2434,0
DA:2436,0
DA:2437,0
DA:2438,0
DA:2439,0
DA:2440,0
DA:2444,0
DA:2445,0
DA:2446,0
DA:2448,0
DA:2449,0
DA:2450,0
DA:2459,0
DA:2460,0
DA:2461,0
DA:2476,0
DA:2477,0
DA:2479,0
DA:2481,0
DA:2482,0
DA:2483,0
DA:2484,0
DA:2485,0
DA:2487,0
DA:2488,0
DA:2489,0
DA:2497,0
DA:2498,0
DA:2499,0
DA:2500,0
DA:2503,0
DA:2504,0
DA:2506,0
DA:2515,0
DA:2522,0
DA:2523,0
DA:2524,0
DA:2529,0
DA:2532,0
DA:2533,0
DA:2534,0
DA:2535,0
DA:2537,0
DA:2538,0
DA:2541,0
DA:2542,0
DA:2546,0
DA:2547,0
DA:2548,0
DA:2549,0
DA:2554,0
DA:2555,0
DA:2558,0
DA:2564,0
DA:2568,0
DA:2569,0
DA:2572,0
DA:2573,0
DA:2574,0
DA:2577,0
DA:2578,0
DA:2582,0
DA:2591,0
DA:2593,0
DA:2596,0
DA:2597,0
DA:2606,0
DA:2609,0
DA:2611,0
DA:2612,0
DA:2613,0
DA:2614,0
DA:2615,0
DA:2616,0
DA:2617,0
DA:2618,0
DA:2619,0
DA:2620,0
LF:977
LH:0
end_of_record
SF:lib/screens/note_detail_screen.dart
DA:15,0
DA:17,0
DA:18,0
DA:27,0
DA:29,0
DA:30,0
DA:31,0
DA:33,0
DA:34,0
DA:38,0
DA:39,0
DA:42,0
DA:43,0
DA:45,0
DA:46,0
DA:47,0
DA:49,0
DA:51,0
DA:53,0
DA:71,0
DA:76,0
DA:80,0
DA:81,0
DA:82,0
DA:86,0
DA:92,0
DA:93,0
DA:94,0
DA:98,0
DA:99,0
DA:103,0
DA:104,0
DA:105,0
DA:106,0
DA:107,0
DA:108,0
DA:110,0
DA:111,0
DA:118,0
DA:120,0
DA:121,0
DA:122,0
DA:126,0
DA:127,0
DA:137,0
DA:143,0
DA:144,0
DA:146,0
DA:147,0
DA:152,0
DA:153,0
DA:154,0
DA:155,0
DA:157,0
DA:159,0
DA:161,0
DA:162,0
DA:167,0
DA:169,0
DA:170,0
DA:174,0
DA:176,0
DA:182,0
DA:183,0
DA:184,0
DA:186,0
DA:188,0
DA:190,0
DA:208,0
DA:209,0
DA:210,0
DA:211,0
DA:212,0
DA:213,0
DA:215,0
DA:216,0
DA:223,0
DA:224,0
DA:225,0
DA:226,0
DA:230,0
DA:231,0
DA:241,0
DA:245,0
DA:246,0
DA:247,0
DA:248,0
DA:249,0
DA:259,0
DA:260,0
DA:263,0
DA:264,0
DA:266,0
DA:267,0
DA:268,0
DA:270,0
DA:272,0
DA:274,0
DA:292,0
DA:297,0
DA:301,0
DA:302,0
DA:303,0
DA:307,0
DA:313,0
DA:314,0
DA:315,0
DA:319,0
DA:320,0
DA:324,0
DA:325,0
DA:326,0
DA:327,0
DA:328,0
DA:329,0
DA:331,0
DA:332,0
DA:339,0
DA:341,0
DA:342,0
DA:343,0
DA:347,0
DA:348,0
DA:358,0
DA:364,0
DA:365,0
DA:367,0
DA:368,0
DA:374,0
DA:377,0
DA:385,0
DA:386,0
DA:387,0
DA:388,0
DA:389,0
DA:393,0
DA:395,0
DA:397,0
DA:398,0
DA:399,0
DA:400,0
DA:402,0
DA:403,0
DA:410,0
DA:411,0
DA:412,0
DA:413,0
DA:417,0
DA:418,0
DA:419,0
DA:420,0
DA:423,0
DA:428,0
DA:429,0
DA:430,0
DA:431,0
DA:434,0
DA:439,0
DA:441,0
DA:443,0
DA:444,0
DA:452,0
DA:453,0
DA:454,0
DA:455,0
DA:456,0
DA:457,0
DA:459,0
DA:461,0
DA:462,0
DA:464,0
DA:466,0
DA:478,0
DA:479,0
DA:481,0
DA:482,0
DA:483,0
DA:484,0
DA:486,0
DA:487,0
DA:490,0
DA:492,0
DA:493,0
DA:495,0
DA:496,0
DA:499,0
DA:501,0
DA:502,0
DA:504,0
DA:505,0
DA:508,0
DA:510,0
DA:511,0
DA:513,0
DA:514,0
DA:517,0
DA:523,0
DA:524,0
DA:525,0
DA:526,0
DA:527,0
DA:529,0
DA:531,0
DA:532,0
DA:533,0
DA:534,0
DA:539,0
DA:540,0
DA:541,0
DA:543,0
DA:545,0
DA:546,0
DA:547,0
DA:551,0
DA:552,0
DA:562,0
DA:563,0
DA:565,0
DA:566,0
DA:567,0
DA:568,0
DA:571,0
DA:572,0
DA:580,0
DA:581,0
DA:582,0
DA:586,0
DA:589,0
DA:590,0
DA:591,0
DA:592,0
DA:593,0
DA:611,0
DA:612,0
DA:615,0
DA:622,0
DA:623,0
DA:629,0
DA:633,0
DA:634,0
DA:638,0
DA:639,0
DA:643,0
DA:644,0
DA:646,0
DA:647,0
DA:648,0
DA:662,0
DA:663,0
DA:664,0
DA:668,0
DA:671,0
DA:672,0
DA:674,0
DA:675,0
DA:677,0
DA:678,0
DA:679,0
DA:680,0
DA:683,0
DA:684,0
DA:686,0
DA:692,0
DA:693,0
DA:694,0
DA:699,0
DA:700,0
DA:701,0
DA:702,0
DA:708,0
DA:710,0
DA:713,0
DA:714,0
DA:715,0
DA:716,0
DA:717,0
DA:719,0
DA:720,0
DA:721,0
DA:722,0
DA:723,0
DA:728,0
DA:729,0
DA:731,0
DA:732,0
DA:733,0
DA:737,0
DA:738,0
DA:744,0
DA:745,0
DA:746,0
DA:747,0
DA:753,0
DA:755,0
DA:758,0
DA:759,0
DA:760,0
DA:761,0
DA:764,0
DA:765,0
DA:767,0
DA:773,0
DA:774,0
DA:775,0
DA:783,0
DA:784,0
DA:785,0
DA:786,0
DA:792,0
DA:795,0
DA:797,0
DA:798,0
DA:799,0
DA:800,0
DA:802,0
DA:804,0
DA:805,0
DA:806,0
DA:822,0
DA:823,0
DA:824,0
DA:828,0
DA:829,0
DA:830,0
DA:838,0
DA:839,0
DA:840,0
DA:844,0
DA:845,0
DA:846,0
DA:856,0
DA:857,0
DA:858,0
DA:862,0
DA:863,0
DA:864,0
DA:873,0
DA:877,0
DA:879,0
DA:880,0
DA:881,0
DA:882,0
DA:884,0
DA:886,0
DA:887,0
DA:888,0
DA:891,0
DA:892,0
DA:893,0
DA:901,0
DA:902,0
DA:905,0
DA:918,0
DA:919,0
DA:920,0
DA:921,0
DA:922,0
DA:923,0
DA:925,0
DA:926,0
DA:927,0
DA:929,0
DA:930,0
DA:938,0
DA:944,0
DA:945,0
DA:947,0
DA:949,0
DA:950,0
DA:951,0
DA:952,0
DA:953,0
DA:957,0
DA:959,0
DA:960,0
DA:961,0
DA:962,0
DA:964,0
DA:965,0
DA:966,0
DA:975,0
DA:976,0
DA:978,0
DA:979,0
DA:980,0
DA:987,0
DA:988,0
DA:989,0
DA:990,0
DA:1000,0
DA:1001,0
DA:1005,0
DA:1006,0
DA:1009,0
DA:1010,0
DA:1011,0
DA:1015,0
DA:1016,0
DA:1017,0
DA:1018,0
DA:1027,0
DA:1028,0
DA:1032,0
DA:1033,0
DA:1036,0
DA:1037,0
DA:1038,0
DA:1039,0
DA:1045,0
DA:1046,0
DA:1047,0
DA:1048,0
DA:1057,0
DA:1058,0
DA:1062,0
DA:1064,0
DA:1067,0
DA:1068,0
DA:1069,0
DA:1070,0
DA:1082,0
DA:1083,0
DA:1085,0
DA:1086,0
DA:1088,0
DA:1089,0
DA:1090,0
DA:1091,0
DA:1094,0
DA:1095,0
DA:1097,0
DA:1103,0
DA:1104,0
DA:1105,0
DA:1110,0
DA:1111,0
DA:1112,0
DA:1113,0
DA:1119,0
DA:1121,0
DA:1124,0
DA:1125,0
DA:1126,0
DA:1127,0
DA:1130,0
DA:1131,0
DA:1133,0
DA:1139,0
DA:1140,0
DA:1141,0
DA:1149,0
DA:1150,0
DA:1151,0
DA:1152,0
DA:1158,0
DA:1160,0
DA:1163,0
DA:1164,0
DA:1165,0
DA:1166,0
DA:1169,0
DA:1170,0
DA:1172,0
DA:1178,0
DA:1179,0
DA:1180,0
DA:1188,0
DA:1189,0
DA:1190,0
DA:1191,0
DA:1197,0
DA:1199,0
DA:1202,0
DA:1203,0
DA:1204,0
DA:1205,0
DA:1208,0
DA:1209,0
DA:1211,0
DA:1217,0
DA:1218,0
DA:1219,0
DA:1220,0
DA:1221,0
DA:1222,0
DA:1223,0
DA:1225,0
DA:1226,0
DA:1227,0
DA:1228,0
DA:1229,0
DA:1240,0
DA:1252,0
DA:1274,0
DA:1277,0
DA:1278,0
DA:1279,0
DA:1281,0
DA:1282,0
DA:1283,0
DA:1284,0
DA:1286,0
DA:1288,0
DA:1289,0
DA:1290,0
DA:1304,0
DA:1305,0
DA:1306,0
DA:1310,0
DA:1316,0
DA:1318,0
DA:1320,0
DA:1322,0
DA:1329,0
DA:1330,0
DA:1331,0
DA:1332,0
DA:1334,0
DA:1335,0
DA:1336,0
DA:1337,0
DA:1339,0
DA:1340,0
DA:1349,0
DA:1350,0
DA:1351,0
DA:1352,0
DA:1353,0
DA:1354,0
DA:1357,0
DA:1358,0
DA:1360,0
DA:1365,0
DA:1366,0
DA:1374,0
DA:1376,0
DA:1377,0
DA:1378,0
DA:1381,0
DA:1382,0
DA:1384,0
DA:1389,0
DA:1390,0
DA:1398,0
LF:544
LH:0
end_of_record
SF:lib/screens/sub_accounts_screen.dart
DA:12,0
DA:19,0
DA:20,0
DA:26,0
DA:28,0
DA:29,0
DA:32,0
DA:33,0
DA:34,0
DA:35,0
DA:36,0
DA:37,0
DA:42,0
DA:43,0
DA:44,0
DA:46,0
DA:47,0
DA:51,0
DA:52,0
DA:53,0
DA:54,0
DA:55,0
DA:56,0
DA:57,0
DA:62,0
DA:63,0
DA:64,0
DA:66,0
DA:67,0
DA:71,0
DA:72,0
DA:73,0
DA:74,0
DA:76,0
DA:78,0
DA:80,0
DA:98,0
DA:99,0
DA:100,0
DA:101,0
DA:102,0
DA:103,0
DA:105,0
DA:106,0
DA:113,0
DA:114,0
DA:115,0
DA:116,0
DA:120,0
DA:121,0
DA:131,0
DA:135,0
DA:136,0
DA:137,0
DA:139,0
DA:140,0
DA:144,0
DA:145,0
DA:146,0
DA:147,0
DA:150,0
DA:155,0
DA:157,0
DA:158,0
DA:166,0
DA:167,0
DA:168,0
DA:169,0
DA:170,0
DA:171,0
DA:172,0
DA:173,0
DA:175,0
DA:176,0
DA:177,0
DA:185,0
DA:186,0
DA:190,0
DA:194,0
DA:195,0
DA:197,0
DA:198,0
DA:199,0
DA:200,0
DA:202,0
DA:203,0
DA:206,0
DA:208,0
DA:209,0
DA:211,0
DA:212,0
DA:215,0
DA:216,0
DA:217,0
DA:219,0
DA:223,0
DA:225,0
DA:226,0
DA:227,0
DA:229,0
DA:230,0
DA:237,0
DA:243,0
DA:244,0
DA:245,0
DA:247,0
DA:248,0
DA:250,0
DA:251,0
DA:266,0
DA:267,0
DA:272,0
DA:276,0
DA:277,0
DA:278,0
DA:279,0
DA:280,0
DA:281,0
DA:283,0
DA:285,0
DA:286,0
DA:287,0
DA:288,0
DA:290,0
DA:292,0
DA:294,0
DA:295,0
DA:296,0
DA:298,0
DA:299,0
DA:300,0
DA:309,0
DA:310,0
DA:311,0
DA:319,0
DA:320,0
DA:323,0
DA:324,0
DA:331,0
DA:335,0
DA:336,0
DA:337,0
DA:338,0
DA:340,0
DA:342,0
DA:344,0
DA:345,0
DA:346,0
DA:351,0
DA:352,0
DA:354,0
DA:355,0
DA:357,0
DA:358,0
DA:363,0
DA:365,0
DA:373,0
DA:376,0
DA:383,0
DA:387,0
DA:391,0
DA:392,0
DA:395,0
DA:396,0
DA:398,0
DA:399,0
DA:401,0
DA:402,0
DA:407,0
DA:409,0
DA:418,0
DA:421,0
DA:422,0
DA:433,0
DA:437,0
DA:439,0
DA:440,0
DA:441,0
DA:442,0
DA:443,0
DA:446,0
DA:448,0
DA:449,0
DA:450,0
DA:457,0
DA:458,0
DA:467,0
DA:468,0
DA:470,0
DA:471,0
DA:473,0
DA:475,0
DA:476,0
DA:477,0
DA:478,0
DA:480,0
DA:491,0
DA:495,0
DA:496,0
DA:497,0
DA:499,0
DA:501,0
DA:508,0
DA:511,0
DA:516,0
DA:517,0
DA:518,0
DA:520,0
DA:521,0
DA:523,0
DA:524,0
DA:525,0
DA:526,0
DA:527,0
DA:528,0
DA:532,0
DA:534,0
DA:544,0
DA:547,0
DA:555,0
DA:556,0
DA:557,0
DA:558,0
DA:559,0
DA:562,0
DA:574,0
DA:580,0
DA:581,0
DA:596,0
DA:598,0
DA:600,0
DA:601,0
DA:603,0
DA:604,0
DA:605,0
DA:609,0
DA:610,0
DA:611,0
DA:613,0
DA:614,0
DA:616,0
DA:617,0
DA:619,0
DA:621,0
DA:622,0
DA:623,0
DA:624,0
DA:627,0
DA:628,0
DA:631,0
DA:632,0
DA:636,0
DA:637,0
DA:639,0
DA:640,0
DA:641,0
DA:642,0
DA:643,0
DA:644,0
DA:645,0
DA:646,0
DA:649,0
DA:652,0
DA:653,0
DA:654,0
DA:661,0
DA:662,0
DA:663,0
DA:667,0
DA:669,0
DA:670,0
DA:672,0
DA:675,0
DA:676,0
DA:677,0
DA:678,0
DA:679,0
DA:693,0
DA:695,0
DA:697,0
DA:703,0
DA:705,0
DA:706,0
DA:714,0
DA:715,0
DA:716,0
DA:717,0
DA:718,0
DA:719,0
DA:721,0
DA:722,0
DA:723,0
DA:725,0
DA:726,0
DA:728,0
DA:730,0
DA:732,0
DA:734,0
DA:747,0
DA:748,0
DA:750,0
DA:751,0
DA:752,0
DA:753,0
DA:755,0
DA:756,0
DA:759,0
DA:761,0
DA:762,0
DA:764,0
DA:765,0
DA:766,0
DA:768,0
DA:769,0
DA:770,0
DA:772,0
DA:781,0
DA:782,0
DA:783,0
DA:784,0
DA:786,0
DA:788,0
DA:790,0
DA:791,0
DA:792,0
DA:795,0
DA:797,0
DA:798,0
DA:804,0
DA:807,0
DA:808,0
DA:809,0
DA:811,0
DA:812,0
DA:814,0
DA:829,0
DA:830,0
DA:837,0
DA:838,0
DA:839,0
DA:840,0
DA:849,0
DA:850,0
DA:851,0
DA:852,0
DA:853,0
DA:856,0
DA:859,0
DA:860,0
DA:862,0
DA:864,0
DA:865,0
DA:866,0
DA:867,0
DA:868,0
DA:871,0
DA:872,0
DA:873,0
DA:874,0
DA:875,0
DA:876,0
DA:877,0
DA:880,0
DA:882,0
DA:883,0
DA:884,0
DA:887,0
DA:889,0
DA:890,0
DA:892,0
DA:894,0
DA:895,0
DA:896,0
DA:897,0
DA:902,0
DA:903,0
DA:910,0
DA:911,0
DA:913,0
DA:915,0
DA:917,0
DA:918,0
DA:919,0
DA:922,0
DA:924,0
DA:925,0
DA:927,0
DA:928,0
DA:940,0
DA:941,0
DA:942,0
DA:944,0
DA:946,0
DA:947,0
DA:948,0
DA:949,0
DA:950,0
DA:954,0
DA:956,0
DA:957,0
DA:959,0
DA:963,0
DA:964,0
DA:966,0
DA:967,0
DA:975,0
DA:980,0
DA:981,0
DA:982,0
DA:984,0
DA:985,0
DA:990,0
DA:991,0
DA:995,0
DA:996,0
DA:997,0
DA:998,0
DA:1005,0
DA:1010,0
DA:1011,0
DA:1012,0
DA:1014,0
DA:1015,0
DA:1016,0
DA:1029,0
DA:1030,0
DA:1031,0
DA:1036,0
DA:1042,0
DA:1043,0
DA:1045,0
DA:1047,0
DA:1049,0
DA:1050,0
DA:1051,0
DA:1054,0
DA:1061,0
DA:1062,0
DA:1063,0
DA:1064,0
DA:1066,0
DA:1067,0
DA:1068,0
DA:1071,0
DA:1073,0
DA:1074,0
DA:1075,0
DA:1077,0
DA:1078,0
DA:1089,0
DA:1090,0
DA:1091,0
DA:1092,0
DA:1094,0
DA:1095,0
DA:1096,0
DA:1099,0
DA:1101,0
DA:1102,0
DA:1103,0
DA:1105,0
DA:1106,0
DA:1116,0
DA:1119,0
DA:1120,0
DA:1123,0
DA:1124,0
DA:1125,0
DA:1128,0
DA:1129,0
DA:1133,0
DA:1135,0
DA:1138,0
DA:1139,0
DA:1148,0
DA:1151,0
DA:1153,0
DA:1154,0
DA:1155,0
DA:1156,0
LF:480
LH:0
end_of_record
SF:lib/services/encryption_service.dart
DA:8,6
DA:9,4
DA:10,2
DA:18,0
DA:19,0
DA:21,0
DA:22,0
DA:23,0
DA:24,0
DA:25,0
DA:29,0
DA:30,0
DA:31,0
DA:32,0
DA:33,0
DA:41,0
DA:42,0
DA:43,0
DA:48,0
DA:51,0
DA:52,0
DA:55,0
DA:58,0
DA:59,0
DA:60,0
DA:66,0
DA:69,0
DA:70,0
DA:71,0
DA:72,0
DA:75,0
DA:77,0
DA:83,0
DA:86,0
DA:89,0
DA:90,0
DA:93,0
DA:94,0
DA:95,0
DA:97,0
DA:98,0
DA:102,0
DA:105,0
DA:106,0
DA:107,0
DA:113,0
DA:114,0
DA:120,0
DA:125,0
DA:127,0
DA:135,0
DA:136,0
DA:137,0
DA:138,0
DA:142,0
DA:145,0
DA:146,0
DA:147,0
DA:154,0
DA:156,0
DA:157,0
LF:61
LH:3
end_of_record
